<?xml version="1.0" encoding="UTF-8"?>
<!-- Generated by org.testng.reporters.JUnitReportReporter -->
<testsuite hostname="ATMECSINLT-744" failures="0" tests="1" name="com.atmecs.api.testscripts.get.apikey.googlemaps.TC_01_Get_NearBy_Search" time="3.622" errors="0" timestamp="04 Jun 2020 19:42:07 GMT" skipped="0">
  <testcase classname="com.atmecs.api.testscripts.get.apikey.googlemaps.TC_01_Get_NearBy_Search" name="TC_01_GetNearByPlace" time="3.622"/>
</testsuite> <!-- com.atmecs.api.testscripts.get.apikey.googlemaps.TC_01_Get_NearBy_Search -->
