<?xml version="1.0" encoding="UTF-8"?>
<!-- Generated by org.testng.reporters.JUnitReportReporter -->
<testsuite hostname="ATMECSINLT-744" failures="0" tests="1" name="com.atmecs.api.testscripts.post.oauth2.typicode.TC_01_Create_New_Typi_Code" time="1.776" errors="0" timestamp="04 Jun 2020 20:02:03 GMT" skipped="0">
  <testcase classname="com.atmecs.api.testscripts.post.oauth2.typicode.TC_01_Create_New_Typi_Code" name="TC_01_Create_New_TypiCode" time="1.776"/>
</testsuite> <!-- com.atmecs.api.testscripts.post.oauth2.typicode.TC_01_Create_New_Typi_Code -->
