<?xml version="1.0" encoding="UTF-8"?>
<!-- Generated by org.testng.reporters.JUnitReportReporter -->
<testsuite hostname="ATMECSINLT-744" failures="0" tests="3" name="com.atmecs.api.testscripts.get.oauth2.googleapitasks.GmailAPI" time="6.487" errors="0" timestamp="05 Jun 2020 15:16:58 GMT" skipped="0">
  <testcase classname="com.atmecs.api.testscripts.get.oauth2.googleapitasks.GmailAPI" name="tc01getGmailDraftsList" time="3.524"/>
  <testcase classname="com.atmecs.api.testscripts.get.oauth2.googleapitasks.GmailAPI" name="tc02getParticularGmailDraftByID" time="1.427"/>
  <testcase classname="com.atmecs.api.testscripts.get.oauth2.googleapitasks.GmailAPI" name="tc03CreateNewDraft" time="1.536"/>
</testsuite> <!-- com.atmecs.api.testscripts.get.oauth2.googleapitasks.GmailAPI -->
