<?xml version="1.0" encoding="UTF-8"?>
<!-- Generated by org.testng.reporters.JUnitReportReporter -->
<testsuite hostname="ATMECSINLT-744" failures="0" tests="2" name="com.atmecs.api.testscripts.noauth.get.googleapibooks.TC_Get_Perform_API_Key_Auth" time="2.353" errors="0" timestamp="04 Jun 2020 12:03:11 GMT" skipped="0">
  <testcase classname="com.atmecs.api.testscripts.noauth.get.googleapibooks.TC_Get_Perform_API_Key_Auth" name="queryParameter" time="0.923"/>
  <testcase classname="com.atmecs.api.testscripts.noauth.get.googleapibooks.TC_Get_Perform_API_Key_Auth" name="getNearBySearchUsingAPIKeyAuth" time="1.430"/>
</testsuite> <!-- com.atmecs.api.testscripts.noauth.get.googleapibooks.TC_Get_Perform_API_Key_Auth -->
