<?xml version="1.0" encoding="UTF-8"?>
<!-- Generated by org.testng.reporters.JUnitReportReporter -->
<testsuite hostname="ATMECSINLT-744" failures="0" tests="1" name="com.atmecs.api.testscripts.get.oauth2.googleapitasks.TC_01_Get_Tasks_Lists" time="3.471" errors="0" timestamp="05 Jun 2020 11:02:22 GMT" skipped="0">
  <testcase classname="com.atmecs.api.testscripts.get.oauth2.googleapitasks.TC_01_Get_Tasks_Lists" name="getListofTasks" time="3.471"/>
</testsuite> <!-- com.atmecs.api.testscripts.get.oauth2.googleapitasks.TC_01_Get_Tasks_Lists -->
