<?xml version="1.0" encoding="UTF-8"?>
<!-- Generated by org.testng.reporters.JUnitReportReporter -->
<testsuite hostname="ATMECSINLT-744" failures="0" tests="1" name="com.atmecs.api.testscripts.noauth.get.googleapibooks.TC_01_Get_Books_Count" time="2.933" errors="0" timestamp="04 Jun 2020 12:05:41 GMT" skipped="0">
  <testcase classname="com.atmecs.api.testscripts.noauth.get.googleapibooks.TC_01_Get_Books_Count" name="getBooksCount" time="2.933"/>
</testsuite> <!-- com.atmecs.api.testscripts.noauth.get.googleapibooks.TC_01_Get_Books_Count -->
