<?xml version="1.0" encoding="UTF-8"?>
<!-- Generated by org.testng.reporters.JUnitReportReporter -->
<testsuite hostname="ATMECSINLT-744" failures="0" tests="2" name="com.atmecs.api.testscripts.get.oauth2.googleapitasks.Gmail" time="4.828" errors="0" timestamp="05 Jun 2020 12:11:42 GMT" skipped="0">
  <testcase classname="com.atmecs.api.testscripts.get.oauth2.googleapitasks.Gmail" name="tc02getParticularGmailDraftByID" time="3.443"/>
  <testcase classname="com.atmecs.api.testscripts.get.oauth2.googleapitasks.Gmail" name="tc03CreateNewDraft" time="1.385"/>
</testsuite> <!-- com.atmecs.api.testscripts.get.oauth2.googleapitasks.Gmail -->
