<?xml version="1.0" encoding="UTF-8"?>
<!-- Generated by org.testng.reporters.JUnitReportReporter -->
<testsuite hostname="ATMECSINLT-744" failures="0" tests="1" name="com.atmecs.api.testscripts.noauth.get.googleapibooks.TC_Get_Oauth2_Auth" time="5.251" errors="0" timestamp="04 Jun 2020 12:03:11 GMT" skipped="0">
  <testcase classname="com.atmecs.api.testscripts.noauth.get.googleapibooks.TC_Get_Oauth2_Auth" name="getResponseUsingOAuth2" time="5.251"/>
</testsuite> <!-- com.atmecs.api.testscripts.noauth.get.googleapibooks.TC_Get_Oauth2_Auth -->
