<?xml version="1.0" encoding="UTF-8"?>
<!-- Generated by org.testng.reporters.JUnitReportReporter -->
<testsuite hostname="ATMECSINLT-744" failures="0" tests="1" name="com.atmecs.api.testscripts.post.noauth.restapiexample.DummyRestAPI" time="2.715" errors="0" timestamp="05 Jun 2020 15:16:58 GMT" skipped="0">
  <testcase classname="com.atmecs.api.testscripts.post.noauth.restapiexample.DummyRestAPI" name="tc02getAllEmployeeDetails" time="2.715"/>
</testsuite> <!-- com.atmecs.api.testscripts.post.noauth.restapiexample.DummyRestAPI -->
