<?xml version="1.0" encoding="UTF-8"?>
<!-- Generated by org.testng.reporters.JUnitReportReporter -->
<testsuite hostname="ATMECSINLT-744" failures="0" tests="1" name="com.atmecs.api.testscripts.noauth.restapiexample.DummyRestAPI" time="5.341" errors="0" timestamp="05 Jun 2020 15:57:42 GMT" skipped="0">
  <testcase classname="com.atmecs.api.testscripts.noauth.restapiexample.DummyRestAPI" name="tc01GetAndValidateNewResourceCreation" time="5.341"/>
</testsuite> <!-- com.atmecs.api.testscripts.noauth.restapiexample.DummyRestAPI -->
