<?xml version="1.0" encoding="UTF-8"?>
<!-- Generated by org.testng.reporters.JUnitReportReporter -->
<testsuite hostname="ATMECSINLT-744" failures="0" tests="3" name="com.atmecs.api.testscripts.oauth2.gmail.GmailAPI" time="6.879" errors="0" timestamp="05 Jun 2020 15:57:42 GMT" skipped="0">
  <testcase classname="com.atmecs.api.testscripts.oauth2.gmail.GmailAPI" name="tc01getGmailDraftsList" time="3.829"/>
  <testcase classname="com.atmecs.api.testscripts.oauth2.gmail.GmailAPI" name="tc02getParticularGmailDraftByID" time="1.254"/>
  <testcase classname="com.atmecs.api.testscripts.oauth2.gmail.GmailAPI" name="tc03CreateNewDraft" time="1.796"/>
</testsuite> <!-- com.atmecs.api.testscripts.oauth2.gmail.GmailAPI -->
