<?xml version="1.0" encoding="UTF-8"?>
<!-- Generated by org.testng.reporters.JUnitReportReporter -->
<testsuite hostname="ATMECSINLT-744" failures="0" tests="4" name="com.atmecs.api.testscripts.noauth.get.googleapibooks.TC_Get_No_Auth" time="4.090" errors="0" timestamp="04 Jun 2020 12:03:11 GMT" skipped="0">
  <testcase classname="com.atmecs.api.testscripts.noauth.get.googleapibooks.TC_Get_No_Auth" name="getMaxResults" time="1.305"/>
  <testcase classname="com.atmecs.api.testscripts.noauth.get.googleapibooks.TC_Get_No_Auth" name="getBooksCount" time="1.020"/>
  <testcase classname="com.atmecs.api.testscripts.noauth.get.googleapibooks.TC_Get_No_Auth" name="getMissingQueryError" time="1.002"/>
  <testcase classname="com.atmecs.api.testscripts.noauth.get.googleapibooks.TC_Get_No_Auth" name="GetInvalidRangeError" time="0.763"/>
</testsuite> <!-- com.atmecs.api.testscripts.noauth.get.googleapibooks.TC_Get_No_Auth -->
