<?xml version="1.0" encoding="UTF-8"?>
<!-- Generated by org.testng.reporters.JUnitReportReporter -->
<testsuite hostname="ATMECSINLT-744" failures="0" tests="4" name="com.atmecs.api.get.testscripts.TC_01_GET" time="7.148" errors="0" timestamp="28 May 2020 13:16:49 GMT" skipped="0">
  <testcase classname="com.atmecs.api.get.testscripts.TC_01_GET" name="TestCase2" time="3.169"/>
  <testcase classname="com.atmecs.api.get.testscripts.TC_01_GET" name="TestCase5" time="0.954"/>
  <testcase classname="com.atmecs.api.get.testscripts.TC_01_GET" name="TestCase4" time="1.235"/>
  <testcase classname="com.atmecs.api.get.testscripts.TC_01_GET" name="TestCase3" time="1.790"/>
</testsuite> <!-- com.atmecs.api.get.testscripts.TC_01_GET -->
