<?xml version="1.0" encoding="UTF-8"?>
<!-- Generated by org.testng.reporters.JUnitReportReporter -->
<testsuite hostname="ATMECSINLT-744" failures="0" tests="3" name="com.atmecs.api.testscripts.typicode.TypiCode" time="21.823" errors="0" timestamp="05 Jun 2020 15:57:42 GMT" skipped="0">
  <testcase classname="com.atmecs.api.testscripts.typicode.TypiCode" name="tc02GetUserCountById" time="6.142"/>
  <testcase classname="com.atmecs.api.testscripts.typicode.TypiCode" name="tc03GetAllIdsWithParticularUserId" time="8.705"/>
  <testcase classname="com.atmecs.api.testscripts.typicode.TypiCode" name="tc01GetCountofAllUsers" time="6.976"/>
</testsuite> <!-- com.atmecs.api.testscripts.typicode.TypiCode -->
