<?xml version="1.0" encoding="UTF-8"?>
<!-- Generated by org.testng.reporters.JUnitReportReporter -->
<testsuite hostname="ATMECSINLT-744" failures="0" tests="2" name="com.atmecs.api.get.testscripts.TC_Get_Perform_API_Key_Auth" time="11.941" errors="0" timestamp="28 May 2020 16:57:57 GMT" skipped="0">
  <testcase classname="com.atmecs.api.get.testscripts.TC_Get_Perform_API_Key_Auth" name="getNearBySearchUsingAPIKeyAuth" time="5.219"/>
  <testcase classname="com.atmecs.api.get.testscripts.TC_Get_Perform_API_Key_Auth" name="queryParameter" time="6.722"/>
</testsuite> <!-- com.atmecs.api.get.testscripts.TC_Get_Perform_API_Key_Auth -->
