<?xml version="1.0" encoding="UTF-8"?>
<!-- Generated by org.testng.reporters.JUnitReportReporter -->
<testsuite hostname="ATMECSINLT-744" failures="0" tests="1" name="com.atmecs.api.testscripts.delete.oauth2.googleapitasks.TC_01_DeleteGoogleAPITask" time="4.696" errors="0" timestamp="04 Jun 2020 20:28:18 GMT" skipped="0">
  <testcase classname="com.atmecs.api.testscripts.delete.oauth2.googleapitasks.TC_01_DeleteGoogleAPITask" name="TC_01_deleteTaskById" time="4.696"/>
</testsuite> <!-- com.atmecs.api.testscripts.delete.oauth2.googleapitasks.TC_01_DeleteGoogleAPITask -->
