<?xml version="1.0" encoding="UTF-8"?>
<!-- Generated by org.testng.reporters.JUnitReportReporter -->
<testsuite hostname="ATMECSINLT-744" failures="0" tests="1" name="com.atmecs.api.testscripts.get.apikey.googlemaps.TC_02_Get_Place_By_Id" time="3.003" errors="0" timestamp="04 Jun 2020 13:32:27 GMT" skipped="0">
  <testcase classname="com.atmecs.api.testscripts.get.apikey.googlemaps.TC_02_Get_Place_By_Id" name="TC_02_Get_Place_Based_On_Id" time="3.003"/>
</testsuite> <!-- com.atmecs.api.testscripts.get.apikey.googlemaps.TC_02_Get_Place_By_Id -->
