<?xml version="1.0" encoding="UTF-8"?>
<!-- Generated by org.testng.reporters.JUnitReportReporter -->
<testsuite hostname="ATMECSINLT-744" failures="0" tests="1" name="com.atmecs.api.testscripts.get.oauth2.googleapitasks.TC_01_Get_Ident_Server_List" time="7.220" errors="0" timestamp="04 Jun 2020 18:46:44 GMT" skipped="0">
  <testcase classname="com.atmecs.api.testscripts.get.oauth2.googleapitasks.TC_01_Get_Ident_Server_List" name="TC_01_Get_List_And_Verify_Type" time="7.220"/>
</testsuite> <!-- com.atmecs.api.testscripts.get.oauth2.googleapitasks.TC_01_Get_Ident_Server_List -->
