<?xml version="1.0" encoding="UTF-8"?>
<!-- Generated by org.testng.reporters.JUnitReportReporter -->
<testsuite hostname="ATMECSINLT-744" failures="0" tests="1" name="ssolve.TC_01_Get_Books_Count" time="2.630" errors="0" timestamp="04 Jun 2020 12:48:00 GMT" skipped="0">
  <testcase classname="ssolve.TC_01_Get_Books_Count" name="getAndTestBooksItemsCount" time="2.630"/>
</testsuite> <!-- ssolve.TC_01_Get_Books_Count -->
