<?xml version="1.0" encoding="UTF-8"?>
<!-- Generated by org.testng.reporters.JUnitReportReporter -->
<testsuite hostname="ATMECSINLT-744" failures="0" tests="1" name="com.atmecs.api.testscripts.post.oauth2.TC_01_Create_New_Typi_Code" time="2.687" errors="0" timestamp="04 Jun 2020 19:54:46 GMT" skipped="0">
  <testcase classname="com.atmecs.api.testscripts.post.oauth2.TC_01_Create_New_Typi_Code" name="TC_01_Post_TypiCode" time="2.687"/>
</testsuite> <!-- com.atmecs.api.testscripts.post.oauth2.TC_01_Create_New_Typi_Code -->
