<?xml version="1.0" encoding="UTF-8"?>
<!-- Generated by org.testng.reporters.JUnitReportReporter -->
<testsuite hostname="ATMECSINLT-744" failures="0" tests="1" name="com.atmecs.api.testscripts.post.oauth2.googleapitasks.TC_01_Create_New_Task_List" time="5.273" errors="0" timestamp="04 Jun 2020 19:54:33 GMT" skipped="0">
  <testcase classname="com.atmecs.api.testscripts.post.oauth2.googleapitasks.TC_01_Create_New_Task_List" name="TC_01_Create_New_Task_List" time="5.273"/>
</testsuite> <!-- com.atmecs.api.testscripts.post.oauth2.googleapitasks.TC_01_Create_New_Task_List -->
